[34m[INFO][0;39m - [2019-02-14 14:10:06,406] - [edu.hcu.rest_api.RestServices$] Request Json {"data":"pdf data "}
[34m[INFO][0;39m - [2019-02-14 14:11:44,677] - [edu.hcu.rest_api.RestServices$] Request Json {"data":"This is test case data"}
[34m[INFO][0;39m - [2019-02-14 14:37:17,311] - [edu.hcu.rest_api.RestServices$] Request Json {"data":"This is test case data"}
[34m[INFO][0;39m - [2019-02-14 14:37:17,870] - [edu.hcu.rest_api.RestServices$] Request Json {"data":"This content is for update test case"}
[34m[INFO][0;39m - [2019-02-14 14:38:36,743] - [edu.hcu.rest_api.RestServices$] Request Json {"data":"This is test case data"}
[34m[INFO][0;39m - [2019-02-14 14:38:37,301] - [edu.hcu.rest_api.RestServices$] Request Json {"data":"This content is for update test case","id": 4}
[34m[INFO][0;39m - [2019-02-14 14:43:56,034] - [edu.hcu.rest_api.RestServices$] Request Json {"data":"This is test case data"}
[34m[INFO][0;39m - [2019-02-14 14:43:56,650] - [edu.hcu.rest_api.RestServices$] Request Json {"data":"This content is for update test case","id": 4}
[34m[INFO][0;39m - [2019-02-14 16:10:47,803] - [edu.hcu.rest_api.RestServices$] Request Json {"data":"This is test case data"}
[34m[INFO][0;39m - [2019-02-14 16:10:48,504] - [edu.hcu.rest_api.RestServices$] Request Json {"data":"This content is for update test case","id": 4}
[34m[INFO][0;39m - [2019-02-14 16:12:50,026] - [edu.hcu.rest_api.RestServices$] Request Json {"data":"This is test case data"}
[34m[INFO][0;39m - [2019-02-14 16:12:50,872] - [edu.hcu.rest_api.RestServices$] Request Json {"data":"This content is for update test case","id": 4}
[34m[INFO][0;39m - [2019-02-14 16:38:27,927] - [edu.hcu.rest_api.RestServices$] Request Json {"data":"This is test case data"}
[34m[INFO][0;39m - [2019-02-14 16:38:28,903] - [edu.hcu.rest_api.RestServices$] Request Json {"data":"This content is for update test case","id": 4}
[34m[INFO][0;39m - [2019-02-14 16:47:01,009] - [edu.hcu.rest_api.RestServices$] Request id 1
[34m[INFO][0;39m - [2019-02-14 16:47:30,772] - [edu.hcu.rest_api.RestServices$] Request id 1
[34m[INFO][0;39m - [2019-02-14 16:47:35,834] - [edu.hcu.rest_api.RestServices$] Request id 2
[34m[INFO][0;39m - [2019-02-14 16:47:38,898] - [edu.hcu.rest_api.RestServices$] Request id 3
[34m[INFO][0;39m - [2019-02-14 17:11:38,406] - [edu.hcu.rest_api.RestServices$] Request id 3
[34m[INFO][0;39m - [2019-02-14 17:24:30,655] - [edu.hcu.rest_api.RestServices$] Request Json {"data":"This is test case data"}
[34m[INFO][0;39m - [2019-02-14 17:24:31,532] - [edu.hcu.rest_api.RestServices$] Request Json {"data":"This content is for update test case","id": 1}
[34m[INFO][0;39m - [2019-02-14 17:24:32,297] - [edu.hcu.rest_api.RestServices$] Request id 1
[34m[INFO][0;39m - [2019-02-14 17:26:28,026] - [edu.hcu.rest_api.RestServices$] Request Json {"data":"This is test case data"}
[34m[INFO][0;39m - [2019-02-14 17:26:28,694] - [edu.hcu.rest_api.RestServices$] Request Json {"data":"This content is for update test case","id": 1}
[34m[INFO][0;39m - [2019-02-14 17:26:29,410] - [edu.hcu.rest_api.RestServices$] Request id 1
[34m[INFO][0;39m - [2019-02-14 17:29:24,113] - [edu.hcu.rest_api.RestServices$] Request Json {"data":"This is test case data"}
[34m[INFO][0;39m - [2019-02-14 17:29:24,768] - [edu.hcu.rest_api.RestServices$] Request Json {"data":"This content is for update test case","id": 1}
[34m[INFO][0;39m - [2019-02-14 17:29:25,567] - [edu.hcu.rest_api.RestServices$] Request id 1
[34m[INFO][0;39m - [2019-02-14 17:32:18,419] - [edu.hcu.rest_api.RestServices$] Request Json {"data":"This is test case data"}
[34m[INFO][0;39m - [2019-02-14 17:32:19,041] - [edu.hcu.rest_api.RestServices$] Request Json {"data":"This content is for update test case","id": 1}
[34m[INFO][0;39m - [2019-02-14 17:32:19,912] - [edu.hcu.rest_api.RestServices$] Request id 1
[34m[INFO][0;39m - [2019-02-14 18:06:41,008] - [edu.hcu.rest_api.RestServices$] Request Json {"data":"This is test case data"}
[34m[INFO][0;39m - [2019-02-14 18:06:41,633] - [edu.hcu.rest_api.RestServices$] Request Json {"data":"This content is for update test case","id": 1}
[34m[INFO][0;39m - [2019-02-14 18:06:42,469] - [edu.hcu.rest_api.RestServices$] Request id 1
[34m[INFO][0;39m - [2019-02-14 18:23:17,622] - [edu.hcu.rest_api.RestServices$] Request Json {"data":"This is test case data"}
[34m[INFO][0;39m - [2019-02-14 18:23:18,216] - [edu.hcu.rest_api.RestServices$] Request Json {"data":"This content is for update test case","id": 1}
[34m[INFO][0;39m - [2019-02-14 18:23:19,978] - [edu.hcu.rest_api.RestServices$] Request id 1
[34m[INFO][0;39m - [2019-02-14 18:26:23,965] - [edu.hcu.rest_api.RestServices$] Request Json {"data":"This is test case data"}
[34m[INFO][0;39m - [2019-02-14 18:26:24,707] - [edu.hcu.rest_api.RestServices$] Request Json {"data":"This content is for update test case","id": 1}
[34m[INFO][0;39m - [2019-02-14 18:26:25,424] - [edu.hcu.rest_api.RestServices$] Request id 1
[34m[INFO][0;39m - [2019-02-14 18:28:58,947] - [edu.hcu.rest_api.RestServices$] Request Json {"data":"This is test case data"}
[34m[INFO][0;39m - [2019-02-14 18:28:59,759] - [edu.hcu.rest_api.RestServices$] Request Json {"data":"This content is for update test case","id": 1}
[34m[INFO][0;39m - [2019-02-14 18:29:00,603] - [edu.hcu.rest_api.RestServices$] Request id 1
[34m[INFO][0;39m - [2019-02-14 18:31:41,679] - [edu.hcu.rest_api.RestServices$] Request Json {"data":"This is test case data"}
[34m[INFO][0;39m - [2019-02-14 18:31:42,236] - [edu.hcu.rest_api.RestServices$] Request Json {"data":"This content is for update test case","id": 1}
[34m[INFO][0;39m - [2019-02-14 18:31:43,159] - [edu.hcu.rest_api.RestServices$] Request id 1
[34m[INFO][0;39m - [2019-02-14 18:32:36,264] - [edu.hcu.rest_api.RestServices$] Request Json {"data":"This is test case data"}
[34m[INFO][0;39m - [2019-02-14 18:32:36,965] - [edu.hcu.rest_api.RestServices$] Request Json {"data":"This content is for update test case","id": 1}
[34m[INFO][0;39m - [2019-02-14 18:32:37,857] - [edu.hcu.rest_api.RestServices$] Request id 1
[34m[INFO][0;39m - [2019-02-14 18:36:59,385] - [edu.hcu.rest_api.RestServices$] Request Json {"data":"This is test case data"}
[34m[INFO][0;39m - [2019-02-14 18:37:00,019] - [edu.hcu.rest_api.RestServices$] Request Json {"data":"This content is for update test case","id": 1}
[34m[INFO][0;39m - [2019-02-14 18:37:00,707] - [edu.hcu.rest_api.RestServices$] Request id 1
